#
# There is insufficient memory for the Java Runtime Environment to continue.
# Native memory allocation (malloc) failed to allocate 1037856 bytes for Chunk::new
# Possible reasons:
#   The system is out of physical RAM or swap space
#   In 32 bit mode, the process size limit was hit
# Possible solutions:
#   Reduce memory load on the system
#   Increase physical memory or swap space
#   Check if swap backing store is full
#   Use 64 bit Java on a 64 bit OS
#   Decrease Java heap size (-Xmx/-Xms)
#   Decrease number of Java threads
#   Decrease Java thread stack sizes (-Xss)
#   Set larger code cache with -XX:ReservedCodeCacheSize=
# This output file may be truncated or incomplete.
#
#  Out of Memory Error (allocation.cpp:390), pid=7832, tid=5512
#
# JRE version: Java(TM) SE Runtime Environment (8.0_60-b27) (build 1.8.0_60-b27)
# Java VM: Java HotSpot(TM) 64-Bit Server VM (25.60-b23 mixed mode windows-amd64 compressed oops)
# Failed to write core dump. Minidumps are not enabled by default on client versions of Windows
#

---------------  T H R E A D  ---------------

Current thread (0x0000000014a0c800):  JavaThread "C2 CompilerThread0" daemon [_thread_in_native, id=5512, stack(0x0000000015a20000,0x0000000015b20000)]

Stack: [0x0000000015a20000,0x0000000015b20000]
[error occurred during error reporting (printing stack bounds), id 0xc0000005]

Native frames: (J=compiled Java code, j=interpreted, Vv=VM code, C=native code)


Current CompileTask:
C2:  18395 2170       4       com.android.dx.dex.code.OutputFinisher::addConstants (93 bytes)


---------------  P R O C E S S  ---------------

Java Threads: ( => current thread )
  0x0000000014a7a000 JavaThread "Service Thread" daemon [_thread_blocked, id=9228, stack(0x0000000015c20000,0x0000000015d20000)]
  0x0000000014a0f000 JavaThread "C1 CompilerThread1" daemon [_thread_blocked, id=1524, stack(0x0000000015b20000,0x0000000015c20000)]
=>0x0000000014a0c800 JavaThread "C2 CompilerThread0" daemon [_thread_in_native, id=5512, stack(0x0000000015a20000,0x0000000015b20000)]
  0x0000000014a0b800 JavaThread "Attach Listener" daemon [_thread_blocked, id=10644, stack(0x0000000015920000,0x0000000015a20000)]
  0x0000000014a0a000 JavaThread "Signal Dispatcher" daemon [_thread_blocked, id=11168, stack(0x0000000015820000,0x0000000015920000)]
  0x000000000256e800 JavaThread "Finalizer" daemon [_thread_blocked, id=3056, stack(0x0000000015640000,0x0000000015740000)]
  0x000000000256d800 JavaThread "Reference Handler" daemon [_thread_blocked, id=10408, stack(0x0000000015540000,0x0000000015640000)]
  0x0000000002482800 JavaThread "main" [_thread_in_Java, id=176, stack(0x00000000021c0000,0x00000000022c0000)]

Other Threads:
  0x00000000149d6800 VMThread [stack: 0x0000000015440000,0x0000000015540000] [id=10808]
  0x0000000014a98800 WatcherThread [stack: 0x0000000015d20000,0x0000000015e20000] [id=9764]

VM state:not at safepoint (normal execution)

VM Mutex/Monitor currently owned by a thread: None

Heap:
 PSYoungGen      total 217088K, used 41943K [0x00000000eab00000, 0x00000000fd080000, 0x0000000100000000)
  eden space 192000K, 8% used [0x00000000eab00000,0x00000000ebb96a68,0x00000000f6680000)
  from space 25088K, 99% used [0x00000000fb800000,0x00000000fd05f448,0x00000000fd080000)
  to   space 31232K, 0% used [0x00000000f9380000,0x00000000f9380000,0x00000000fb200000)
 ParOldGen       total 81920K, used 42299K [0x00000000c0000000, 0x00000000c5000000, 0x00000000eab00000)
  object space 81920K, 51% used [0x00000000c0000000,0x00000000c294ecf8,0x00000000c5000000)
 Metaspace       used 6653K, capacity 7320K, committed 7680K, reserved 1056768K
  class space    used 629K, capacity 656K, committed 768K, reserved 1048576K

Card table byte_map: [0x0000000011940000,0x0000000011b50000] byte_map_base: 0x0000000011340000

Marking Bits: (ParMarkBitMap*) 0x0000000065afa5b0
 Begin Bits: [0x0000000011eb0000, 0x0000000012eb0000)
 End Bits:   [0x0000000012eb0000, 0x0000000013eb0000)

Polling page: 0x0000000000a60000

CodeCache: size=245760Kb used=9486Kb max_used=9501Kb free=236273Kb
 bounds [0x0000000002580000, 0x0000000002ed0000, 0x0000000011580000]
 total_blobs=2384 nmethods=2115 adapters=182
 compilation: enabled

Compilation events (10 events):
Event: 18.135 Thread 0x0000000014a0f000 2168       3       com.android.dx.dex.code.StdCatchBuilder::hasAnyCatches (57 bytes)
Event: 18.136 Thread 0x0000000014a0c800 nmethod 2158 0x0000000002e8a8d0 code [0x0000000002e8aa20, 0x0000000002e8ac58]
Event: 18.136 Thread 0x0000000014a0c800 2160       4       java.util.HashMap$HashIterator::hasNext (13 bytes)
Event: 18.136 Thread 0x0000000014a0f000 nmethod 2168 0x0000000002ec0510 code [0x0000000002ec0700, 0x0000000002ec1438]
Event: 18.136 Thread 0x0000000014a0c800 nmethod 2160 0x0000000002d53e50 code [0x0000000002d53f80, 0x0000000002d53ff8]
Event: 18.136 Thread 0x0000000014a0c800 2159  s    4       com.android.dx.dex.file.MethodIdsSection::intern (55 bytes)
Event: 18.153 Thread 0x0000000014a0f000 2172       2       com.android.dx.rop.code.SwitchInsn::getCatches (4 bytes)
Event: 18.153 Thread 0x0000000014a0f000 nmethod 2172 0x0000000002e8a590 code [0x0000000002e8a6e0, 0x0000000002e8a830]
Event: 18.162 Thread 0x0000000014a0c800 nmethod 2159 0x0000000002ecb8d0 code [0x0000000002ecbaa0, 0x0000000002ecc968]
Event: 18.162 Thread 0x0000000014a0c800 2170       4       com.android.dx.dex.code.OutputFinisher::addConstants (93 bytes)

GC Heap History (10 events):
Event: 8.479 GC heap before
{Heap before GC invocations=5 (full 0):
 PSYoungGen      total 66048K, used 66026K [0x00000000eab00000, 0x00000000eee00000, 0x0000000100000000)
  eden space 63488K, 100% used [0x00000000eab00000,0x00000000ee900000,0x00000000ee900000)
  from space 2560K, 99% used [0x00000000eeb80000,0x00000000eedfab20,0x00000000eee00000)
  to   space 2560K, 0% used [0x00000000ee900000,0x00000000ee900000,0x00000000eeb80000)
 ParOldGen       total 42496K, used 11974K [0x00000000c0000000, 0x00000000c2980000, 0x00000000eab00000)
  object space 42496K, 28% used [0x00000000c0000000,0x00000000c0bb1be0,0x00000000c2980000)
 Metaspace       used 6320K, capacity 7152K, committed 7296K, reserved 1056768K
  class space    used 603K, capacity 616K, committed 640K, reserved 1048576K
Event: 8.554 GC heap after
Heap after GC invocations=5 (full 0):
 PSYoungGen      total 66048K, used 2540K [0x00000000eab00000, 0x00000000f4200000, 0x0000000100000000)
  eden space 63488K, 0% used [0x00000000eab00000,0x00000000eab00000,0x00000000ee900000)
  from space 2560K, 99% used [0x00000000ee900000,0x00000000eeb7b210,0x00000000eeb80000)
  to   space 13824K, 0% used [0x00000000f3480000,0x00000000f3480000,0x00000000f4200000)
 ParOldGen       total 42496K, used 21576K [0x00000000c0000000, 0x00000000c2980000, 0x00000000eab00000)
  object space 42496K, 50% used [0x00000000c0000000,0x00000000c1512090,0x00000000c2980000)
 Metaspace       used 6320K, capacity 7152K, committed 7296K, reserved 1056768K
  class space    used 603K, capacity 616K, committed 640K, reserved 1048576K
}
Event: 9.644 GC heap before
{Heap before GC invocations=6 (full 0):
 PSYoungGen      total 66048K, used 66028K [0x00000000eab00000, 0x00000000f4200000, 0x0000000100000000)
  eden space 63488K, 100% used [0x00000000eab00000,0x00000000ee900000,0x00000000ee900000)
  from space 2560K, 99% used [0x00000000ee900000,0x00000000eeb7b210,0x00000000eeb80000)
  to   space 13824K, 0% used [0x00000000f3480000,0x00000000f3480000,0x00000000f4200000)
 ParOldGen       total 42496K, used 21576K [0x00000000c0000000, 0x00000000c2980000, 0x00000000eab00000)
  object space 42496K, 50% used [0x00000000c0000000,0x00000000c1512090,0x00000000c2980000)
 Metaspace       used 6424K, capacity 7152K, committed 7296K, reserved 1056768K
  class space    used 603K, capacity 616K, committed 640K, reserved 1048576K
Event: 9.743 GC heap after
Heap after GC invocations=6 (full 0):
 PSYoungGen      total 138240K, used 12556K [0x00000000eab00000, 0x00000000f4700000, 0x0000000100000000)
  eden space 124416K, 0% used [0x00000000eab00000,0x00000000eab00000,0x00000000f2480000)
  from space 13824K, 90% used [0x00000000f3480000,0x00000000f40c3220,0x00000000f4200000)
  to   space 16384K, 0% used [0x00000000f2480000,0x00000000f2480000,0x00000000f3480000)
 ParOldGen       total 42496K, used 21584K [0x00000000c0000000, 0x00000000c2980000, 0x00000000eab00000)
  object space 42496K, 50% used [0x00000000c0000000,0x00000000c1514090,0x00000000c2980000)
 Metaspace       used 6424K, capacity 7152K, committed 7296K, reserved 1056768K
  class space    used 603K, capacity 616K, committed 640K, reserved 1048576K
}
Event: 11.446 GC heap before
{Heap before GC invocations=7 (full 0):
 PSYoungGen      total 138240K, used 136972K [0x00000000eab00000, 0x00000000f4700000, 0x0000000100000000)
  eden space 124416K, 100% used [0x00000000eab00000,0x00000000f2480000,0x00000000f2480000)
  from space 13824K, 90% used [0x00000000f3480000,0x00000000f40c3220,0x00000000f4200000)
  to   space 16384K, 0% used [0x00000000f2480000,0x00000000f2480000,0x00000000f3480000)
 ParOldGen       total 42496K, used 21584K [0x00000000c0000000, 0x00000000c2980000, 0x00000000eab00000)
  object space 42496K, 50% used [0x00000000c0000000,0x00000000c1514090,0x00000000c2980000)
 Metaspace       used 6454K, capacity 7216K, committed 7296K, reserved 1056768K
  class space    used 603K, capacity 616K, committed 640K, reserved 1048576K
Event: 11.718 GC heap after
Heap after GC invocations=7 (full 0):
 PSYoungGen      total 140800K, used 16358K [0x00000000eab00000, 0x00000000fd200000, 0x0000000100000000)
  eden space 124416K, 0% used [0x00000000eab00000,0x00000000eab00000,0x00000000f2480000)
  from space 16384K, 99% used [0x00000000f2480000,0x00000000f3479ac0,0x00000000f3480000)
  to   space 26624K, 0% used [0x00000000fb800000,0x00000000fb800000,0x00000000fd200000)
 ParOldGen       total 42496K, used 36416K [0x00000000c0000000, 0x00000000c2980000, 0x00000000eab00000)
  object space 42496K, 85% used [0x00000000c0000000,0x00000000c23902f0,0x00000000c2980000)
 Metaspace       used 6454K, capacity 7216K, committed 7296K, reserved 1056768K
  class space    used 603K, capacity 616K, committed 640K, reserved 1048576K
}
Event: 11.718 GC heap before
{Heap before GC invocations=8 (full 1):
 PSYoungGen      total 140800K, used 16358K [0x00000000eab00000, 0x00000000fd200000, 0x0000000100000000)
  eden space 124416K, 0% used [0x00000000eab00000,0x00000000eab00000,0x00000000f2480000)
  from space 16384K, 99% used [0x00000000f2480000,0x00000000f3479ac0,0x00000000f3480000)
  to   space 26624K, 0% used [0x00000000fb800000,0x00000000fb800000,0x00000000fd200000)
 ParOldGen       total 42496K, used 36416K [0x00000000c0000000, 0x00000000c2980000, 0x00000000eab00000)
  object space 42496K, 85% used [0x00000000c0000000,0x00000000c23902f0,0x00000000c2980000)
 Metaspace       used 6454K, capacity 7216K, committed 7296K, reserved 1056768K
  class space    used 603K, capacity 616K, committed 640K, reserved 1048576K
Event: 12.737 GC heap after
Heap after GC invocations=8 (full 1):
 PSYoungGen      total 140800K, used 8100K [0x00000000eab00000, 0x00000000fd200000, 0x0000000100000000)
  eden space 124416K, 0% used [0x00000000eab00000,0x00000000eab00000,0x00000000f2480000)
  from space 16384K, 49% used [0x00000000f2480000,0x00000000f2c693f0,0x00000000f3480000)
  to   space 26624K, 0% used [0x00000000fb800000,0x00000000fb800000,0x00000000fd200000)
 ParOldGen       total 81920K, used 42251K [0x00000000c0000000, 0x00000000c5000000, 0x00000000eab00000)
  object space 81920K, 51% used [0x00000000c0000000,0x00000000c2942cf8,0x00000000c5000000)
 Metaspace       used 6454K, capacity 7216K, committed 7296K, reserved 1056768K
  class space    used 603K, capacity 616K, committed 640K, reserved 1048576K
}
Event: 14.457 GC heap before
{Heap before GC invocations=9 (full 1):
 PSYoungGen      total 140800K, used 132516K [0x00000000eab00000, 0x00000000fd200000, 0x0000000100000000)
  eden space 124416K, 100% used [0x00000000eab00000,0x00000000f2480000,0x00000000f2480000)
  from space 16384K, 49% used [0x00000000f2480000,0x00000000f2c693f0,0x00000000f3480000)
  to   space 26624K, 0% used [0x00000000fb800000,0x00000000fb800000,0x00000000fd200000)
 ParOldGen       total 81920K, used 42251K [0x00000000c0000000, 0x00000000c5000000, 0x00000000eab00000)
  object space 81920K, 51% used [0x00000000c0000000,0x00000000c2942cf8,0x00000000c5000000)
 Metaspace       used 6569K, capacity 7256K, committed 7424K, reserved 1056768K
  class space    used 625K, capacity 656K, committed 768K, reserved 1048576K
Event: 14.920 GC heap after
Heap after GC invocations=9 (full 1):
 PSYoungGen      total 217088K, used 24957K [0x00000000eab00000, 0x00000000fd080000, 0x0000000100000000)
  eden space 192000K, 0% used [0x00000000eab00000,0x00000000eab00000,0x00000000f6680000)
  from space 25088K, 99% used [0x00000000fb800000,0x00000000fd05f448,0x00000000fd080000)
  to   space 31232K, 0% used [0x00000000f9380000,0x00000000f9380000,0x00000000fb200000)
 ParOldGen       total 81920K, used 42299K [0x00000000c0000000, 0x00000000c5000000, 0x00000000eab00000)
  object space 81920K, 51% used [0x00000000c0000000,0x00000000c294ecf8,0x00000000c5000000)
 Metaspace       used 6569K, capacity 7256K, committed 7424K, reserved 1056768K
  class space    used 625K, capacity 656K, committed 768K, reserved 1048576K
}

Deoptimization events (10 events):
Event: 12.795 Thread 0x000000001604a000 Uncommon trap: reason=class_check action=maybe_recompile pc=0x0000000002da194c method=com.android.dx.cf.code.BytecodeArray.parseInstruction(ILcom/android/dx/cf/code/BytecodeArray$Visitor;)I @ 1807
Event: 13.547 Thread 0x0000000002482800 Uncommon trap: reason=unstable_if action=reinterpret pc=0x00000000029dbd64 method=java.util.HashMap.putVal(ILjava/lang/Object;Ljava/lang/Object;ZZ)Ljava/lang/Object; @ 162
Event: 13.560 Thread 0x0000000002482800 Uncommon trap: reason=unstable_if action=reinterpret pc=0x0000000002a77838 method=java.util.HashMap.putVal(ILjava/lang/Object;Ljava/lang/Object;ZZ)Ljava/lang/Object; @ 162
Event: 14.974 Thread 0x000000001603d000 Uncommon trap: reason=unstable_if action=reinterpret pc=0x0000000002de6504 method=com.android.dx.cf.code.BytecodeArray.parseInstruction(ILcom/android/dx/cf/code/BytecodeArray$Visitor;)I @ 1261
Event: 15.832 Thread 0x0000000002482800 Uncommon trap: reason=class_check action=maybe_recompile pc=0x0000000002b15dc8 method=java.util.Arrays.hashCode([Ljava/lang/Object;)I @ 43
Event: 15.832 Thread 0x0000000002482800 Uncommon trap: reason=class_check action=maybe_recompile pc=0x0000000002b15dc8 method=java.util.Arrays.hashCode([Ljava/lang/Object;)I @ 43
Event: 15.833 Thread 0x0000000002482800 Uncommon trap: reason=class_check action=maybe_recompile pc=0x0000000002b15dc8 method=java.util.Arrays.hashCode([Ljava/lang/Object;)I @ 43
Event: 15.833 Thread 0x0000000002482800 Uncommon trap: reason=class_check action=maybe_recompile pc=0x0000000002b15dc8 method=java.util.Arrays.hashCode([Ljava/lang/Object;)I @ 43
Event: 15.874 Thread 0x0000000002482800 Uncommon trap: reason=class_check action=maybe_recompile pc=0x0000000002ba7ec8 method=java.util.HashMap.putVal(ILjava/lang/Object;Ljava/lang/Object;ZZ)Ljava/lang/Object; @ 203
Event: 18.132 Thread 0x0000000002482800 Uncommon trap: reason=unstable_if action=reinterpret pc=0x0000000002ec5594 method=java.util.HashMap.putVal(ILjava/lang/Object;Ljava/lang/Object;ZZ)Ljava/lang/Object; @ 94

Internal exceptions (7 events):
Event: 0.121 Thread 0x0000000002482800 Exception <a 'java/lang/NoSuchMethodError': Method sun.misc.Unsafe.defineClass(Ljava/lang/String;[BII)Ljava/lang/Class; name or signature does not match> (0x00000000eab0e0d0) thrown at [C:\re\workspace\8-2-build-windows-amd64-cygwin\jdk8u60\4407\hotspot\sr1BpMõ¾?
Event: 0.121 Thread 0x0000000002482800 Exception <a 'java/lang/NoSuchMethodError': Method sun.misc.Unsafe.prefetchRead(Ljava/lang/Object;J)V name or signature does not match> (0x00000000eab0e3b8) thrown at [C:\re\workspace\8-2-build-windows-amd64-cygwin\jdk8u60\4407\hotspot\src\share\vm\prims\j§Ö<Mn@
Event: 5.107 Thread 0x000000001603d000 Implicit null exception at 0x0000000002992b22 to 0x0000000002992c21
Event: 9.106 Thread 0x0000000016052800 Implicit null exception at 0x0000000002c2616b to 0x0000000002c27371
Event: 13.549 Thread 0x0000000002482800 Exception <a 'java/lang/ArrayIndexOutOfBoundsException': 18> (0x00000000eea9ed08) thrown at [C:\re\workspace\8-2-build-windows-amd64-cygwin\jdk8u60\4407\hotspot\src\share\vm\interpreter\interpreterRuntime.cpp, line 366]
Event: 13.550 Thread 0x0000000002482800 Exception <a 'java/lang/ArrayIndexOutOfBoundsException'> (0x00000000eeaa0888) thrown at [C:\re\workspace\8-2-build-windows-amd64-cygwin\jdk8u60\4407\hotspot\src\share\vm\runtime\sharedRuntime.cpp, line 605]
Event: 13.551 Thread 0x0000000002482800 Exception <a 'java/lang/ArrayIndexOutOfBoundsException'> (0x00000000eeaa1b70) thrown at [C:\re\workspace\8-2-build-windows-amd64-cygwin\jdk8u60\4407\hotspot\src\share\vm\runtime\sharedRuntime.cpp, line 605]

Events (10 events):
Event: 16.528 loading class com/android/dx/dex/file/CatchStructs done
Event: 16.543 Thread 0x0000000002482800 DEOPT PACKING pc=0x0000000002e5dcb5 sp=0x00000000022bed40
Event: 16.543 Thread 0x0000000002482800 DEOPT UNPACKING pc=0x00000000025c747f sp=0x00000000022bea88 mode 0
Event: 16.551 Thread 0x0000000002482800 DEOPT PACKING pc=0x0000000002e59b54 sp=0x00000000022bedc0
Event: 16.551 Thread 0x0000000002482800 DEOPT UNPACKING pc=0x00000000025c747f sp=0x00000000022beb50 mode 0
Event: 17.784 Thread 0x0000000002482800 DEOPT PACKING pc=0x0000000002e584c8 sp=0x00000000022bee80
Event: 17.784 Thread 0x0000000002482800 DEOPT UNPACKING pc=0x00000000025c747f sp=0x00000000022bec00 mode 0
Event: 18.132 Thread 0x0000000002482800 Uncommon trap: trap_request=0xffffff65 fr.pc=0x0000000002ec5594
Event: 18.132 Thread 0x0000000002482800 DEOPT PACKING pc=0x0000000002ec5594 sp=0x00000000022bed30
Event: 18.132 Thread 0x0000000002482800 DEOPT UNPACKING pc=0x00000000025c582a sp=0x00000000022beb90 mode 2


Dynamic libraries:
0x00007ff6f5980000 - 0x00007ff6f59b7000 	C:\Program Files\Java\jdk1.8.0_60\bin\java.exe
0x00007ff9d01a0000 - 0x00007ff9d0361000 	C:\WINDOWS\SYSTEM32\ntdll.dll
0x00007ff9cf150000 - 0x00007ff9cf1fd000 	C:\WINDOWS\system32\KERNEL32.DLL
0x00007ff9cd220000 - 0x00007ff9cd408000 	C:\WINDOWS\system32\KERNELBASE.dll
0x00007ff9cf360000 - 0x00007ff9cf407000 	C:\WINDOWS\system32\ADVAPI32.dll
0x00007ff9cffc0000 - 0x00007ff9d005d000 	C:\WINDOWS\system32\msvcrt.dll
0x00007ff9cfc30000 - 0x00007ff9cfc8b000 	C:\WINDOWS\system32\sechost.dll
0x00007ff9cd590000 - 0x00007ff9cd6ac000 	C:\WINDOWS\system32\RPCRT4.dll
0x00007ff9cfcf0000 - 0x00007ff9cfe46000 	C:\WINDOWS\system32\USER32.dll
0x00007ff9cd6b0000 - 0x00007ff9cd836000 	C:\WINDOWS\system32\GDI32.dll
0x00007ff9c57f0000 - 0x00007ff9c5a64000 	C:\WINDOWS\WinSxS\amd64_microsoft.windows.common-controls_6595b64144ccf1df_6.0.10586.589_none_a2ddb3caa539acce\COMCTL32.dll
0x00007ff9cf410000 - 0x00007ff9cf68d000 	C:\WINDOWS\system32\combase.dll
0x00007ff9cced0000 - 0x00007ff9ccf3a000 	C:\WINDOWS\system32\bcryptPrimitives.dll
0x00007ff9d0160000 - 0x00007ff9d019b000 	C:\WINDOWS\system32\IMM32.DLL
0x0000000065eb0000 - 0x0000000065f82000 	C:\Program Files\Java\jdk1.8.0_60\jre\bin\msvcr100.dll
0x00000000652f0000 - 0x0000000065b79000 	C:\Program Files\Java\jdk1.8.0_60\jre\bin\server\jvm.dll
0x00007ff9cee10000 - 0x00007ff9cee18000 	C:\WINDOWS\system32\PSAPI.DLL
0x00007ff9be3c0000 - 0x00007ff9be3c9000 	C:\WINDOWS\SYSTEM32\WSOCK32.dll
0x00007ff9ceda0000 - 0x00007ff9cee0b000 	C:\WINDOWS\system32\WS2_32.dll
0x00007ff9cadd0000 - 0x00007ff9cadf3000 	C:\WINDOWS\SYSTEM32\WINMM.dll
0x00007ff9c2b10000 - 0x00007ff9c2b1a000 	C:\WINDOWS\SYSTEM32\VERSION.dll
0x00007ff9cad70000 - 0x00007ff9cad9c000 	C:\WINDOWS\SYSTEM32\WINMMBASE.dll
0x00007ff9cc830000 - 0x00007ff9cc873000 	C:\WINDOWS\system32\cfgmgr32.dll
0x0000000068200000 - 0x000000006820f000 	C:\Program Files\Java\jdk1.8.0_60\jre\bin\verify.dll
0x00000000661f0000 - 0x0000000066219000 	C:\Program Files\Java\jdk1.8.0_60\jre\bin\java.dll
0x00000000681e0000 - 0x00000000681f6000 	C:\Program Files\Java\jdk1.8.0_60\jre\bin\zip.dll
0x00007ff9cd840000 - 0x00007ff9ced9c000 	C:\WINDOWS\system32\SHELL32.dll
0x00007ff9cc880000 - 0x00007ff9ccec5000 	C:\WINDOWS\system32\windows.storage.dll
0x00007ff9cf0f0000 - 0x00007ff9cf142000 	C:\WINDOWS\system32\shlwapi.dll
0x00007ff9cc820000 - 0x00007ff9cc82f000 	C:\WINDOWS\system32\kernel.appcore.dll
0x00007ff9cd410000 - 0x00007ff9cd4c5000 	C:\WINDOWS\system32\shcore.dll
0x00007ff9cc7b0000 - 0x00007ff9cc7fb000 	C:\WINDOWS\system32\powrprof.dll
0x00007ff9cc800000 - 0x00007ff9cc814000 	C:\WINDOWS\system32\profapi.dll

VM Arguments:
jvm_args: -Djava.awt.headless=true -Xmx1024M -Dfile.encoding=windows-1252 -Duser.country=US -Duser.language=en -Duser.variant 
java_command: com.android.dx.command.Main --dex --num-threads=4 --output C:\Users\Eziaha Ada Ekwuribe\Desktop\votersapp\android\app\build\intermediates\pre-dexed\debug\com.android.support-support-v4-23.0.1_ae678dfb122122840acf51a8a8a91cad53f1855b.jar C:\Users\Eziaha Ada Ekwuribe\Desktop\votersapp\android\app\build\intermediates\exploded-aar\com.android.support\support-v4\23.0.1\jars\classes.jar
java_class_path (initial): C:\Android\sdk1\build-tools\23.0.2\lib\dx.jar
Launcher Type: SUN_STANDARD

Environment Variables:
JAVA_HOME=C:\Program Files\Java\jdk1.8.0_60
CLASSPATH=C:\Users\Eziaha Ada Ekwuribe\Desktop\votersapp\android\\gradle\wrapper\gradle-wrapper.jar
PATH=C:\Users\Eziaha Ada Ekwuribe\Desktop\cmder\bin;C:\Users\Eziaha Ada Ekwuribe\Desktop\cmder\vendor\conemu-maximus5\ConEmu\Scripts;C:\Users\Eziaha Ada Ekwuribe\Desktop\cmder\vendor\conemu-maximus5;C:\Users\Eziaha Ada Ekwuribe\Desktop\cmder\vendor\conemu-maximus5\ConEmu;C:\ProgramData\Oracle\Java\javapath;C:\Program Files (x86)\PC Connectivity Solution\;C:\Program Files\Common Files\Microsoft Shared\Windows Live;C:\Program Files (x86)\Common Files\Microsoft Shared\Windows Live;C:\WINDOWS\system32;C:\WINDOWS;C:\WINDOWS\System32\Wbem;C:\WINDOWS\System32\WindowsPowerShell\v1.0\;C:\Program Files (x86)\Windows Live\Shared;C:\Program Files (x86)\QuickTime\QTSystem\;C:\Program Files\Microsoft SQL Server\110\DTS\Binn\;C:\Program Files (x86)\Microsoft SQL Server\110\Tools\Binn\;C:\Program Files\Microsoft SQL Server\110\Tools\Binn\;C:\Program Files (x86)\Microsoft SQL Server\110\Tools\Binn\ManagementStudio\;C:\Program Files (x86)\Microsoft Visual Studio 10.0\Common7\IDE\PrivateAssemblies\;C:\Program Files (x86)\Microsoft SQL Server\110\DTS\Binn\;C:\Users\Eziaha Ada Ekwuribe\AppData\Roaming\npm;C:\adb;C:\WINDOWS\system32;C:\WINDOWS;C:\WINDOWS\System32\Wbem;C:\WINDOWS\System32\WindowsPowerShell\v1.0\;C:\Program Files (x86)\Common Files\lenovo\easyplussdk\bin;C:\Program Files\Git\cmd;C:\Program Files (x86)\Windows Kits\8.1\Windows Performance Toolkit\;C:\Program Files (x86)\nodejs\;C:\Android;C:\Windows\System32;C:\Program Files\Git\bin\git.exe;C:\Users\Eziaha Ada Ekwuribe\AppData\Local\atom\bin;C:\Users\Eziaha Ada Ekwuribe\AppData\Roaming\npm;C:\Android\sdk1\platform-tools;C:\Android\sdk1\tools;C:\Program Files\Heroku\bin;C:\Program Files\Microsoft VS Code\bin;C:\Program Files\Git\usr\bin;C:\Program Files\Git\usr\share\vim\vim74;C:\Users\Eziaha Ada Ekwuribe\Desktop\cmder\
USERNAME=Eziaha Ada Ekwuribe
OS=Windows_NT
PROCESSOR_IDENTIFIER=Intel64 Family 6 Model 42 Stepping 7, GenuineIntel



---------------  S Y S T E M  ---------------

OS: Windows 10.0 , 64 bit Build 10586 (10.0.10586.589)

CPU:total 2 (2 cores per cpu, 1 threads per core) family 6 model 42 stepping 7, cmov, cx8, fxsr, mmx, sse, sse2, sse3, ssse3, sse4.1, sse4.2, popcnt, clmul, tsc, tscinvbit

Memory: 4k page, physical 4042604k(260896k free), swap 7188332k(6100k free)

vm_info: Java HotSpot(TM) 64-Bit Server VM (25.60-b23) for windows-amd64 JRE (1.8.0_60-b27), built on Aug  4 2015 11:06:27 by "java_re" with MS VC++ 10.0 (VS2010)

time: Sun Feb 04 18:47:41 2018
elapsed time: 18 seconds (0d 0h 0m 18s)

