#
# There is insufficient memory for the Java Runtime Environment to continue.
# Native memory allocation (malloc) failed to allocate 32744 bytes for ChunkPool::allocate
# Possible reasons:
#   The system is out of physical RAM or swap space
#   In 32 bit mode, the process size limit was hit
# Possible solutions:
#   Reduce memory load on the system
#   Increase physical memory or swap space
#   Check if swap backing store is full
#   Use 64 bit Java on a 64 bit OS
#   Decrease Java heap size (-Xmx/-Xms)
#   Decrease number of Java threads
#   Decrease Java thread stack sizes (-Xss)
#   Set larger code cache with -XX:ReservedCodeCacheSize=
# This output file may be truncated or incomplete.
#
#  Out of Memory Error (allocation.cpp:273), pid=644, tid=1216
#
# JRE version: Java(TM) SE Runtime Environment (8.0_60-b27) (build 1.8.0_60-b27)
# Java VM: Java HotSpot(TM) 64-Bit Server VM (25.60-b23 mixed mode windows-amd64 compressed oops)
# Failed to write core dump. Minidumps are not enabled by default on client versions of Windows
#

---------------  T H R E A D  ---------------

Current thread (0x0000000015528800):  JavaThread "C2 CompilerThread0" daemon [_thread_in_native, id=1216, stack(0x0000000016530000,0x0000000016630000)]

Stack: [0x0000000016530000,0x0000000016630000]
[error occurred during error reporting (printing stack bounds), id 0xc0000005]

Native frames: (J=compiled Java code, j=interpreted, Vv=VM code, C=native code)


Current CompileTask:
C2:   6039 1283   !   4       com.android.dx.cf.code.BytecodeArray::parseInstruction (2764 bytes)


---------------  P R O C E S S  ---------------

Java Threads: ( => current thread )
  0x000000001557e000 JavaThread "Service Thread" daemon [_thread_blocked, id=7776, stack(0x0000000016730000,0x0000000016830000)]
  0x0000000015577000 JavaThread "C1 CompilerThread1" daemon [_thread_blocked, id=9908, stack(0x0000000016630000,0x0000000016730000)]
=>0x0000000015528800 JavaThread "C2 CompilerThread0" daemon [_thread_in_native, id=1216, stack(0x0000000016530000,0x0000000016630000)]
  0x0000000015527000 JavaThread "Attach Listener" daemon [_thread_blocked, id=5544, stack(0x0000000016430000,0x0000000016530000)]
  0x0000000015526000 JavaThread "Signal Dispatcher" daemon [_thread_blocked, id=10028, stack(0x0000000016330000,0x0000000016430000)]
  0x000000000305e800 JavaThread "Finalizer" daemon [_thread_blocked, id=9012, stack(0x0000000016150000,0x0000000016250000)]
  0x000000000305d800 JavaThread "Reference Handler" daemon [_thread_blocked, id=3952, stack(0x0000000016050000,0x0000000016150000)]
  0x0000000002f72800 JavaThread "main" [_thread_in_Java, id=5712, stack(0x0000000002e70000,0x0000000002f70000)]

Other Threads:
  0x00000000154e6800 VMThread [stack: 0x0000000015f50000,0x0000000016050000] [id=8216]
  0x00000000155a5800 WatcherThread [stack: 0x0000000016830000,0x0000000016930000] [id=6248]

VM state:not at safepoint (normal execution)

VM Mutex/Monitor currently owned by a thread: None

Heap:
 PSYoungGen      total 34304K, used 6644K [0x00000000eab00000, 0x00000000ecf00000, 0x0000000100000000)
  eden space 31744K, 12% used [0x00000000eab00000,0x00000000eaf050b8,0x00000000eca00000)
  from space 2560K, 98% used [0x00000000ecc80000,0x00000000ecef8028,0x00000000ecf00000)
  to   space 2560K, 0% used [0x00000000eca00000,0x00000000eca00000,0x00000000ecc80000)
 ParOldGen       total 42496K, used 2763K [0x00000000c0000000, 0x00000000c2980000, 0x00000000eab00000)
  object space 42496K, 6% used [0x00000000c0000000,0x00000000c02b2d40,0x00000000c2980000)
 Metaspace       used 6044K, capacity 6966K, committed 7040K, reserved 1056768K
  class space    used 605K, capacity 622K, committed 640K, reserved 1048576K

Card table byte_map: [0x0000000012430000,0x0000000012640000] byte_map_base: 0x0000000011e30000

Marking Bits: (ParMarkBitMap*) 0x0000000065afa5b0
 Begin Bits: [0x00000000129a0000, 0x00000000139a0000)
 End Bits:   [0x00000000139a0000, 0x00000000149a0000)

Polling page: 0x0000000000ff0000

CodeCache: size=245760Kb used=5427Kb max_used=5427Kb free=240332Kb
 bounds [0x0000000003070000, 0x00000000035d0000, 0x0000000012070000]
 total_blobs=1581 nmethods=1312 adapters=182
 compilation: enabled

Compilation events (10 events):
Event: 5.450 Thread 0x0000000015528800 nmethod 1273% 0x00000000035af7d0 code [0x00000000035afa00, 0x00000000035b1308]
Event: 5.450 Thread 0x0000000015528800 1271       4       com.android.dx.ssa.LiteralOpUpgrader::tryReplacingWithConstant (161 bytes)
Event: 5.541 Thread 0x0000000015528800 nmethod 1271 0x00000000035b3090 code [0x00000000035b3360, 0x00000000035b4c68]
Event: 5.650 Thread 0x0000000015528800 1283   !   4       com.android.dx.cf.code.BytecodeArray::parseInstruction (2764 bytes)
Event: 5.867 Thread 0x0000000015577000 1285       1       com.android.dx.rop.cst.CstType::getType (4 bytes)
Event: 5.868 Thread 0x0000000015577000 nmethod 1285 0x000000000359fe90 code [0x000000000359ffe0, 0x00000000035a00f0]
Event: 5.870 Thread 0x0000000015577000 1287       3       java.util.HashMap$HashIterator::nextNode (100 bytes)
Event: 5.871 Thread 0x0000000015577000 nmethod 1287 0x000000000359f5d0 code [0x000000000359f780, 0x000000000359fc58]
Event: 5.872 Thread 0x0000000015577000 1288       3       com.android.dx.ssa.NormalSsaInsn::isMoveException (20 bytes)
Event: 5.872 Thread 0x0000000015577000 nmethod 1288 0x000000000359f090 code [0x000000000359f200, 0x000000000359f4f0]

GC Heap History (3 events):
Event: 3.552 GC heap before
{Heap before GC invocations=1 (full 0):
 PSYoungGen      total 18432K, used 15872K [0x00000000eab00000, 0x00000000ebf80000, 0x0000000100000000)
  eden space 15872K, 100% used [0x00000000eab00000,0x00000000eba80000,0x00000000eba80000)
  from space 2560K, 0% used [0x00000000ebd00000,0x00000000ebd00000,0x00000000ebf80000)
  to   space 2560K, 0% used [0x00000000eba80000,0x00000000eba80000,0x00000000ebd00000)
 ParOldGen       total 42496K, used 0K [0x00000000c0000000, 0x00000000c2980000, 0x00000000eab00000)
  object space 42496K, 0% used [0x00000000c0000000,0x00000000c0000000,0x00000000c2980000)
 Metaspace       used 5789K, capacity 6768K, committed 7040K, reserved 1056768K
  class space    used 593K, capacity 616K, committed 640K, reserved 1048576K
Event: 3.770 GC heap after
Heap after GC invocations=1 (full 0):
 PSYoungGen      total 18432K, used 2554K [0x00000000eab00000, 0x00000000ecf00000, 0x0000000100000000)
  eden space 15872K, 0% used [0x00000000eab00000,0x00000000eab00000,0x00000000eba80000)
  from space 2560K, 99% used [0x00000000eba80000,0x00000000ebcfeab8,0x00000000ebd00000)
  to   space 2560K, 0% used [0x00000000ecc80000,0x00000000ecc80000,0x00000000ecf00000)
 ParOldGen       total 42496K, used 1144K [0x00000000c0000000, 0x00000000c2980000, 0x00000000eab00000)
  object space 42496K, 2% used [0x00000000c0000000,0x00000000c011e0f0,0x00000000c2980000)
 Metaspace       used 5789K, capacity 6768K, committed 7040K, reserved 1056768K
  class space    used 593K, capacity 616K, committed 640K, reserved 1048576K
}
Event: 5.876 GC heap before
{Heap before GC invocations=2 (full 0):
 PSYoungGen      total 18432K, used 18426K [0x00000000eab00000, 0x00000000ecf00000, 0x0000000100000000)
  eden space 15872K, 100% used [0x00000000eab00000,0x00000000eba80000,0x00000000eba80000)
  from space 2560K, 99% used [0x00000000eba80000,0x00000000ebcfeab8,0x00000000ebd00000)
  to   space 2560K, 0% used [0x00000000ecc80000,0x00000000ecc80000,0x00000000ecf00000)
 ParOldGen       total 42496K, used 1144K [0x00000000c0000000, 0x00000000c2980000, 0x00000000eab00000)
  object space 42496K, 2% used [0x00000000c0000000,0x00000000c011e0f0,0x00000000c2980000)
 Metaspace       used 5995K, capacity 6960K, committed 7040K, reserved 1056768K
  class space    used 597K, capacity 616K, committed 640K, reserved 1048576K

Deoptimization events (10 events):
Event: 3.895 Thread 0x0000000016b4e000 Uncommon trap: reason=class_check action=maybe_recompile pc=0x000000000338c6c0 method=com.android.dx.ssa.NormalSsaInsn.accept(Lcom/android/dx/ssa/SsaInsn$Visitor;)V @ 9
Event: 3.895 Thread 0x0000000016b4e000 Uncommon trap: reason=class_check action=maybe_recompile pc=0x000000000338c6c0 method=com.android.dx.ssa.NormalSsaInsn.accept(Lcom/android/dx/ssa/SsaInsn$Visitor;)V @ 9
Event: 3.895 Thread 0x0000000016b4e000 Uncommon trap: reason=class_check action=maybe_recompile pc=0x00000000032f7330 method=com.android.dx.ssa.NormalSsaInsn.accept(Lcom/android/dx/ssa/SsaInsn$Visitor;)V @ 9
Event: 3.922 Thread 0x0000000016b4e000 Uncommon trap: reason=bimorphic action=maybe_recompile pc=0x000000000349db28 method=com.android.dx.ssa.NormalSsaInsn.accept(Lcom/android/dx/ssa/SsaInsn$Visitor;)V @ 9
Event: 3.923 Thread 0x0000000016b4e000 Uncommon trap: reason=bimorphic action=maybe_recompile pc=0x000000000349db28 method=com.android.dx.ssa.NormalSsaInsn.accept(Lcom/android/dx/ssa/SsaInsn$Visitor;)V @ 9
Event: 3.923 Thread 0x0000000016b4e000 Uncommon trap: reason=bimorphic action=maybe_recompile pc=0x000000000349db28 method=com.android.dx.ssa.NormalSsaInsn.accept(Lcom/android/dx/ssa/SsaInsn$Visitor;)V @ 9
Event: 3.923 Thread 0x0000000016b4e000 Uncommon trap: reason=bimorphic action=maybe_recompile pc=0x000000000349db28 method=com.android.dx.ssa.NormalSsaInsn.accept(Lcom/android/dx/ssa/SsaInsn$Visitor;)V @ 9
Event: 3.969 Thread 0x0000000016b4e000 Uncommon trap: reason=unstable_if action=reinterpret pc=0x000000000334615c method=com.android.dx.rop.cst.Constant.compareTo(Lcom/android/dx/rop/cst/Constant;)I @ 12
Event: 3.970 Thread 0x0000000016b4e000 Uncommon trap: reason=bimorphic action=maybe_recompile pc=0x00000000033666f8 method=java.util.HashMap.getNode(ILjava/lang/Object;)Ljava/util/HashMap$Node; @ 126
Event: 4.195 Thread 0x0000000016b51000 Uncommon trap: reason=null_check action=make_not_entrant pc=0x000000000339c760 method=com.android.dx.rop.type.Type.equals(Ljava/lang/Object;)Z @ 8

Internal exceptions (3 events):
Event: 0.248 Thread 0x0000000002f72800 Exception <a 'java/lang/NoSuchMethodError': Method sun.misc.Unsafe.defineClass(Ljava/lang/String;[BII)Ljava/lang/Class; name or signature does not match> (0x00000000eab0df50) thrown at [C:\re\workspace\8-2-build-windows-amd64-cygwin\jdk8u60\4407\hotspot\srk‹f³¼Ï?
Event: 0.248 Thread 0x0000000002f72800 Exception <a 'java/lang/NoSuchMethodError': Method sun.misc.Unsafe.prefetchRead(Ljava/lang/Object;J)V name or signature does not match> (0x00000000eab0e238) thrown at [C:\re\workspace\8-2-build-windows-amd64-cygwin\jdk8u60\4407\hotspot\src\share\vm\prims\j`CÈ§È@
Event: 4.195 Thread 0x0000000016b51000 Implicit null exception at 0x000000000339c662 to 0x000000000339c752

Events (10 events):
Event: 4.255 loading class java/util/HashMap$KeyIterator
Event: 4.255 loading class java/util/HashMap$KeyIterator done
Event: 4.515 Thread 0x0000000016b4e000 Thread exited: 0x0000000016b4e000
Event: 4.578 Executing VM operation: EnableBiasedLocking
Event: 4.581 Executing VM operation: EnableBiasedLocking done
Event: 4.610 loading class com/android/dx/cf/code/BytecodeArray$ConstantParserVisitor
Event: 4.610 loading class com/android/dx/cf/code/BytecodeArray$ConstantParserVisitor done
Event: 5.298 Thread 0x0000000016a4b000 Thread exited: 0x0000000016a4b000
Event: 5.301 Thread 0x0000000016a51800 Thread exited: 0x0000000016a51800
Event: 5.876 Executing VM operation: ParallelGCFailedAllocation


Dynamic libraries:
0x00007ff6f5980000 - 0x00007ff6f59b7000 	C:\Program Files\Java\jdk1.8.0_60\bin\java.exe
0x00007ff9d01a0000 - 0x00007ff9d0361000 	C:\WINDOWS\SYSTEM32\ntdll.dll
0x00007ff9cf150000 - 0x00007ff9cf1fd000 	C:\WINDOWS\system32\KERNEL32.DLL
0x00007ff9cd220000 - 0x00007ff9cd408000 	C:\WINDOWS\system32\KERNELBASE.dll
0x00007ff9cf360000 - 0x00007ff9cf407000 	C:\WINDOWS\system32\ADVAPI32.dll
0x00007ff9cffc0000 - 0x00007ff9d005d000 	C:\WINDOWS\system32\msvcrt.dll
0x00007ff9cfc30000 - 0x00007ff9cfc8b000 	C:\WINDOWS\system32\sechost.dll
0x00007ff9cd590000 - 0x00007ff9cd6ac000 	C:\WINDOWS\system32\RPCRT4.dll
0x00007ff9cfcf0000 - 0x00007ff9cfe46000 	C:\WINDOWS\system32\USER32.dll
0x00007ff9cd6b0000 - 0x00007ff9cd836000 	C:\WINDOWS\system32\GDI32.dll
0x00007ff9c57f0000 - 0x00007ff9c5a64000 	C:\WINDOWS\WinSxS\amd64_microsoft.windows.common-controls_6595b64144ccf1df_6.0.10586.589_none_a2ddb3caa539acce\COMCTL32.dll
0x00007ff9cf410000 - 0x00007ff9cf68d000 	C:\WINDOWS\system32\combase.dll
0x00007ff9cced0000 - 0x00007ff9ccf3a000 	C:\WINDOWS\system32\bcryptPrimitives.dll
0x00007ff9d0160000 - 0x00007ff9d019b000 	C:\WINDOWS\system32\IMM32.DLL
0x0000000065eb0000 - 0x0000000065f82000 	C:\Program Files\Java\jdk1.8.0_60\jre\bin\msvcr100.dll
0x00000000652f0000 - 0x0000000065b79000 	C:\Program Files\Java\jdk1.8.0_60\jre\bin\server\jvm.dll
0x00007ff9cee10000 - 0x00007ff9cee18000 	C:\WINDOWS\system32\PSAPI.DLL
0x00007ff9be3c0000 - 0x00007ff9be3c9000 	C:\WINDOWS\SYSTEM32\WSOCK32.dll
0x00007ff9ceda0000 - 0x00007ff9cee0b000 	C:\WINDOWS\system32\WS2_32.dll
0x00007ff9cadd0000 - 0x00007ff9cadf3000 	C:\WINDOWS\SYSTEM32\WINMM.dll
0x00007ff9c2b10000 - 0x00007ff9c2b1a000 	C:\WINDOWS\SYSTEM32\VERSION.dll
0x00007ff9cad70000 - 0x00007ff9cad9c000 	C:\WINDOWS\SYSTEM32\WINMMBASE.dll
0x00007ff9cc830000 - 0x00007ff9cc873000 	C:\WINDOWS\system32\cfgmgr32.dll
0x0000000068200000 - 0x000000006820f000 	C:\Program Files\Java\jdk1.8.0_60\jre\bin\verify.dll
0x00000000661f0000 - 0x0000000066219000 	C:\Program Files\Java\jdk1.8.0_60\jre\bin\java.dll
0x00000000681e0000 - 0x00000000681f6000 	C:\Program Files\Java\jdk1.8.0_60\jre\bin\zip.dll
0x00007ff9cd840000 - 0x00007ff9ced9c000 	C:\WINDOWS\system32\SHELL32.dll
0x00007ff9cc880000 - 0x00007ff9ccec5000 	C:\WINDOWS\system32\windows.storage.dll
0x00007ff9cf0f0000 - 0x00007ff9cf142000 	C:\WINDOWS\system32\shlwapi.dll
0x00007ff9cc820000 - 0x00007ff9cc82f000 	C:\WINDOWS\system32\kernel.appcore.dll
0x00007ff9cd410000 - 0x00007ff9cd4c5000 	C:\WINDOWS\system32\shcore.dll
0x00007ff9cc7b0000 - 0x00007ff9cc7fb000 	C:\WINDOWS\system32\powrprof.dll
0x00007ff9cc800000 - 0x00007ff9cc814000 	C:\WINDOWS\system32\profapi.dll

VM Arguments:
jvm_args: -Djava.awt.headless=true -Xmx1024M -Dfile.encoding=windows-1252 -Duser.country=US -Duser.language=en -Duser.variant 
java_command: com.android.dx.command.Main --dex --num-threads=4 --output C:\Users\Eziaha Ada Ekwuribe\Desktop\votersapp\android\app\build\intermediates\pre-dexed\debug\com.facebook.soloader-soloader-0.1.0_4ccf35ceb31a58360948803af18d8ee33ae47be9.jar C:\Users\Eziaha Ada Ekwuribe\Desktop\votersapp\android\app\build\intermediates\exploded-aar\com.facebook.soloader\soloader\0.1.0\jars\classes.jar
java_class_path (initial): C:\Android\sdk1\build-tools\23.0.2\lib\dx.jar
Launcher Type: SUN_STANDARD

Environment Variables:
JAVA_HOME=C:\Program Files\Java\jdk1.8.0_60
CLASSPATH=C:\Users\Eziaha Ada Ekwuribe\Desktop\votersapp\android\\gradle\wrapper\gradle-wrapper.jar
PATH=C:\Users\Eziaha Ada Ekwuribe\Desktop\cmder\bin;C:\Users\Eziaha Ada Ekwuribe\Desktop\cmder\vendor\conemu-maximus5\ConEmu\Scripts;C:\Users\Eziaha Ada Ekwuribe\Desktop\cmder\vendor\conemu-maximus5;C:\Users\Eziaha Ada Ekwuribe\Desktop\cmder\vendor\conemu-maximus5\ConEmu;C:\ProgramData\Oracle\Java\javapath;C:\Program Files (x86)\PC Connectivity Solution\;C:\Program Files\Common Files\Microsoft Shared\Windows Live;C:\Program Files (x86)\Common Files\Microsoft Shared\Windows Live;C:\WINDOWS\system32;C:\WINDOWS;C:\WINDOWS\System32\Wbem;C:\WINDOWS\System32\WindowsPowerShell\v1.0\;C:\Program Files (x86)\Windows Live\Shared;C:\Program Files (x86)\QuickTime\QTSystem\;C:\Program Files\Microsoft SQL Server\110\DTS\Binn\;C:\Program Files (x86)\Microsoft SQL Server\110\Tools\Binn\;C:\Program Files\Microsoft SQL Server\110\Tools\Binn\;C:\Program Files (x86)\Microsoft SQL Server\110\Tools\Binn\ManagementStudio\;C:\Program Files (x86)\Microsoft Visual Studio 10.0\Common7\IDE\PrivateAssemblies\;C:\Program Files (x86)\Microsoft SQL Server\110\DTS\Binn\;C:\Users\Eziaha Ada Ekwuribe\AppData\Roaming\npm;C:\adb;C:\WINDOWS\system32;C:\WINDOWS;C:\WINDOWS\System32\Wbem;C:\WINDOWS\System32\WindowsPowerShell\v1.0\;C:\Program Files (x86)\Common Files\lenovo\easyplussdk\bin;C:\Program Files\Git\cmd;C:\Program Files (x86)\Windows Kits\8.1\Windows Performance Toolkit\;C:\Program Files (x86)\nodejs\;C:\Android;C:\Windows\System32;C:\Program Files\Git\bin\git.exe;C:\Users\Eziaha Ada Ekwuribe\AppData\Local\atom\bin;C:\Users\Eziaha Ada Ekwuribe\AppData\Roaming\npm;C:\Android\sdk1\platform-tools;C:\Android\sdk1\tools;C:\Program Files\Heroku\bin;C:\Program Files\Microsoft VS Code\bin;C:\Program Files\Git\usr\bin;C:\Program Files\Git\usr\share\vim\vim74;C:\Users\Eziaha Ada Ekwuribe\Desktop\cmder\
USERNAME=Eziaha Ada Ekwuribe
OS=Windows_NT
PROCESSOR_IDENTIFIER=Intel64 Family 6 Model 42 Stepping 7, GenuineIntel



---------------  S Y S T E M  ---------------

OS: Windows 10.0 , 64 bit Build 10586 (10.0.10586.589)

CPU:total 2 (2 cores per cpu, 1 threads per core) family 6 model 42 stepping 7, cmov, cx8, fxsr, mmx, sse, sse2, sse3, ssse3, sse4.1, sse4.2, popcnt, clmul, tsc, tscinvbit

Memory: 4k page, physical 4042604k(262592k free), swap 7188332k(7108k free)

vm_info: Java HotSpot(TM) 64-Bit Server VM (25.60-b23) for windows-amd64 JRE (1.8.0_60-b27), built on Aug  4 2015 11:06:27 by "java_re" with MS VC++ 10.0 (VS2010)

time: Sun Feb 04 18:47:41 2018
elapsed time: 6 seconds (0d 0h 0m 6s)

